\BOOKMARK [0][-]{chapter*.3}{\376\377\000A\000b\000s\000t\000r\000a\000c\000t}{}% 1
\BOOKMARK [0][-]{chapter*.4}{\376\377\000A\000c\000k\000n\000o\000w\000l\000e\000d\000g\000e\000m\000e\000n\000t}{}% 2
\BOOKMARK [0][-]{chapter*.5}{\376\377\000A\000c\000r\000o\000n\000y\000m\000s}{}% 3
\BOOKMARK [0][-]{chapter*.7}{\376\377\000S\000y\000m\000b\000o\000l\000s}{}% 4
\BOOKMARK [0][-]{chapter*.9}{\376\377\000L\000i\000s\000t\000s\000\040\000o\000f\000\040\000F\000i\000g\000u\000r\000e\000s}{}% 5
\BOOKMARK [0][-]{chapter*.10}{\376\377\000L\000i\000s\000t\000s\000\040\000o\000f\000\040\000T\000a\000b\000l\000e\000s}{}% 6
\BOOKMARK [0][-]{chapter.1}{\376\377\000I\000n\000t\000r\000o\000d\000u\000c\000t\000i\000o\000n}{}% 7
\BOOKMARK [1][-]{section.1.1}{\376\377\000B\000a\000c\000k\000g\000r\000o\000u\000n\000d}{chapter.1}% 8
\BOOKMARK [1][-]{section.1.2}{\376\377\000M\000o\000t\000i\000v\000a\000t\000i\000o\000n}{chapter.1}% 9
\BOOKMARK [1][-]{section.1.3}{\376\377\000O\000b\000j\000e\000c\000t\000i\000v\000e\000s\000\040\000a\000n\000d\000\040\000S\000p\000e\000c\000i\000f\000i\000c\000a\000t\000i\000o\000n\000s}{chapter.1}% 10
\BOOKMARK [1][-]{section.1.4}{\376\377\000M\000a\000j\000o\000r\000\040\000c\000o\000n\000t\000r\000i\000b\000u\000t\000i\000o\000n\000\040\000o\000f\000\040\000t\000h\000e\000\040\000D\000i\000s\000s\000e\000r\000t\000a\000t\000i\000o\000n}{chapter.1}% 11
\BOOKMARK [1][-]{section.1.5}{\376\377\000O\000r\000g\000a\000n\000i\000s\000a\000t\000i\000o\000n\000\040\000o\000f\000\040\000t\000h\000e\000\040\000D\000i\000s\000s\000e\000r\000t\000a\000t\000i\000o\000n}{chapter.1}% 12
\BOOKMARK [0][-]{chapter.2}{\376\377\000L\000i\000t\000e\000r\000a\000t\000u\000r\000e\000\040\000R\000e\000v\000i\000e\000w}{}% 13
\BOOKMARK [1][-]{section.2.1}{\376\377\000S\000k\000i\000n\000\040\000C\000h\000r\000o\000m\000o\000p\000h\000o\000r\000e\000s\000\040\000\046\000\040\000P\000i\000g\000m\000e\000n\000t\000a\000t\000i\000o\000n}{chapter.2}% 14
\BOOKMARK [1][-]{section.2.2}{\376\377\000S\000k\000i\000n\000\040\000M\000o\000d\000e\000l\000i\000n\000g\000\040\000\046\000\040\000R\000e\000n\000d\000e\000r\000i\000n\000g\000\040\000T\000e\000c\000h\000n\000i\000q\000u\000e\000s}{chapter.2}% 15
\BOOKMARK [1][-]{section.2.3}{\376\377\000C\000o\000n\000t\000r\000o\000l\000l\000a\000b\000l\000e\000\040\000F\000a\000c\000i\000a\000l\000\040\000I\000m\000a\000g\000e\000\040\000E\000d\000i\000t\000i\000n\000g}{chapter.2}% 16
\BOOKMARK [2][-]{subsection.2.3.1}{\376\377\000O\000b\000j\000e\000c\000t\000i\000v\000e\000s\000\040\000a\000n\000d\000\040\000D\000e\000f\000i\000n\000i\000t\000i\000o\000n\000s}{section.2.3}% 17
\BOOKMARK [2][-]{subsection.2.3.2}{\376\377\000D\000a\000t\000a\000s\000e\000t\000\040\000a\000n\000d\000\040\000S\000t\000a\000b\000i\000l\000i\000t\000y}{section.2.3}% 18
\BOOKMARK [2][-]{subsection.2.3.3}{\376\377\000C\000o\000n\000t\000r\000o\000l\000l\000a\000b\000i\000l\000i\000t\000y}{section.2.3}% 19
\BOOKMARK [0][-]{chapter.3}{\376\377\000M\000e\000t\000h\000o\000d\000s}{}% 20
\BOOKMARK [1][-]{section.3.1}{\376\377\000O\000n\000e}{chapter.3}% 21
\BOOKMARK [1][-]{section.3.2}{\376\377\000T\000w\000o}{chapter.3}% 22
\BOOKMARK [1][-]{section.3.3}{\376\377\000T\000h\000r\000e\000e}{chapter.3}% 23
\BOOKMARK [0][-]{chapter.4}{\376\377\000T\000e\000s\000t\000\040\000a\000n\000d\000\040\000E\000x\000p\000e\000r\000i\000m\000e\000n\000t\000s}{}% 24
\BOOKMARK [1][-]{section.4.1}{\376\377\000O\000n\000e}{chapter.4}% 25
\BOOKMARK [1][-]{section.4.2}{\376\377\000T\000w\000o}{chapter.4}% 26
\BOOKMARK [1][-]{section.4.3}{\376\377\000T\000h\000r\000e\000e}{chapter.4}% 27
\BOOKMARK [0][-]{chapter.5}{\376\377\000D\000i\000s\000c\000u\000s\000s\000i\000o\000n}{}% 28
\BOOKMARK [1][-]{section.5.1}{\376\377\000O\000n\000e}{chapter.5}% 29
\BOOKMARK [1][-]{section.5.2}{\376\377\000T\000w\000o}{chapter.5}% 30
\BOOKMARK [1][-]{section.5.3}{\376\377\000T\000h\000r\000e\000e}{chapter.5}% 31
\BOOKMARK [0][-]{chapter.6}{\376\377\000C\000o\000n\000c\000l\000u\000s\000i\000o\000n\000\040\000a\000n\000d\000\040\000R\000e\000c\000o\000m\000m\000e\000n\000d\000a\000t\000i\000o\000n\000s}{}% 32
\BOOKMARK [1][-]{section.6.1}{\376\377\000O\000n\000e}{chapter.6}% 33
\BOOKMARK [1][-]{section.6.2}{\376\377\000T\000w\000o}{chapter.6}% 34
\BOOKMARK [1][-]{section.6.3}{\376\377\000T\000h\000r\000e\000e}{chapter.6}% 35
\BOOKMARK [1][-]{section.6.4}{\376\377\000F\000o\000u\000r}{chapter.6}% 36
\BOOKMARK [2][-]{subsection.6.4.1}{\376\377\000S\000i\000x}{section.6.4}% 37
\BOOKMARK [0][-]{chapter*.12}{\376\377\000R\000e\000f\000e\000r\000e\000n\000c\000e\000s}{}% 38
\BOOKMARK [0][-]{appendix.a.A}{\376\377\000A\000p\000p\000e\000n\000d\000i\000x\000\040\000I\000n\000t\000r\000o\000d\000u\000c\000t\000i\000o\000n\000\040\000o\000f\000\040\000A\000p\000p\000e\000n\000d\000i\000x}{}% 39
\BOOKMARK [0][-]{appendix.a.B}{\376\377\000A\000p\000p\000e\000n\000d\000i\000x\000\040\000S\000a\000m\000p\000l\000e\000\040\000C\000o\000d\000e}{}% 40
